<?xml version="1.0" encoding="UTF-8"?>
<testsuites name="jest tests" tests="9" failures="0" errors="0" time="2.618">
  <testsuite name="AppStatsController" errors="0" failures="0" skipped="0" timestamp="2022-06-14T14:43:35" time="2" tests="9">
    <testcase classname="AppStatsController #getAppStats should get application stats" name="AppStatsController #getAppStats should get application stats" time="0.003">
    </testcase>
    <testcase classname="AppStatsController #getAppStats should get application stats with clone data" name="AppStatsController #getAppStats should get application stats with clone data" time="0.001">
    </testcase>
    <testcase classname="AppStatsController #getAppStats should get application stats with internal users to exclude" name="AppStatsController #getAppStats should get application stats with internal users to exclude" time="0.001">
    </testcase>
    <testcase classname="AppStatsController #getAppStats should get application stats with queries to exclude for top queries" name="AppStatsController #getAppStats should get application stats with queries to exclude for top queries" time="0.001">
    </testcase>
    <testcase classname="AppStatsController #getSearchPdfMapping should get users searches" name="AppStatsController #getSearchPdfMapping should get users searches" time="0.002">
    </testcase>
    <testcase classname="AppStatsController #getRecentlyOpenedDocs should get recently opened documents" name="AppStatsController #getRecentlyOpenedDocs should get recently opened documents" time="0.001">
    </testcase>
    <testcase classname="AppStatsController #getDocumentUsageData should get Document Usage Data stats" name="AppStatsController #getDocumentUsageData should get Document Usage Data stats" time="0.001">
    </testcase>
    <testcase classname="AppStatsController #getUserAggregations should get users aggregated searches" name="AppStatsController #getUserAggregations should get users aggregated searches" time="0.056">
    </testcase>
    <testcase classname="AppStatsController #getUserLastOpened should return documents for users" name="AppStatsController #getUserLastOpened should return documents for users" time="0.001">
    </testcase>
  </testsuite>
</testsuites>