<?xml version="1.0" encoding="UTF-8"?>
<testsuites name="jest tests" tests="10" failures="0" errors="0" time="4.448">
  <testsuite name="AppStatsController" errors="0" failures="0" skipped="0" timestamp="2022-06-22T00:37:05" time="3.735" tests="10">
    <testcase classname="AppStatsController #getAppStats should get application stats" name="AppStatsController #getAppStats should get application stats" time="0.016">
    </testcase>
    <testcase classname="AppStatsController #getAppStats should get application stats with clone data" name="AppStatsController #getAppStats should get application stats with clone data" time="0.002">
    </testcase>
    <testcase classname="AppStatsController #getAppStats should get application stats with internal users to exclude" name="AppStatsController #getAppStats should get application stats with internal users to exclude" time="0.012">
    </testcase>
    <testcase classname="AppStatsController #getAppStats should get application stats with queries to exclude for top queries" name="AppStatsController #getAppStats should get application stats with queries to exclude for top queries" time="0.002">
    </testcase>
    <testcase classname="AppStatsController #getSearchPdfMapping should get users searches" name="AppStatsController #getSearchPdfMapping should get users searches" time="0.005">
    </testcase>
    <testcase classname="AppStatsController #getRecentlyOpenedDocs should get recently opened documents" name="AppStatsController #getRecentlyOpenedDocs should get recently opened documents" time="0.002">
    </testcase>
    <testcase classname="AppStatsController #getDocumentUsageData should get Document Usage Data stats" name="AppStatsController #getDocumentUsageData should get Document Usage Data stats" time="0.082">
    </testcase>
    <testcase classname="AppStatsController #getUserAggregations should get users aggregated searches" name="AppStatsController #getUserAggregations should get users aggregated searches" time="0.002">
    </testcase>
    <testcase classname="AppStatsController #getUserLastOpened should return documents for users" name="AppStatsController #getUserLastOpened should return documents for users" time="0.001">
    </testcase>
    <testcase classname="AppStatsController #getDashboardData should get users dashboard data" name="AppStatsController #getDashboardData should get users dashboard data" time="0.001">
    </testcase>
  </testsuite>
</testsuites>