<?xml version="1.0" encoding="UTF-8"?>
<testsuites name="jest tests" tests="23" failures="0" errors="0" time="3.039">
  <testsuite name="EDASearchUtility" errors="0" failures="0" skipped="0" timestamp="2022-08-04T00:18:05" time="2.111" tests="14">
    <testcase classname="EDASearchUtility getElasticsearchPagesQuery should return an ES query for a search with Issue Org, Signature Start Date, and Issue Agency included" name="EDASearchUtility getElasticsearchPagesQuery should return an ES query for a search with Issue Org, Signature Start Date, and Issue Agency included" time="0.002">
    </testcase>
    <testcase classname="EDASearchUtility getElasticsearchPagesQuery should return an ES query based on the Fiscal Year and EDA Contract Data filters" name="EDASearchUtility getElasticsearchPagesQuery should return an ES query based on the Fiscal Year and EDA Contract Data filters" time="0">
    </testcase>
    <testcase classname="EDASearchUtility getElasticsearchPagesQuery should return an ES query based on the Issue Office DoDAAC and Obligated Amount filters" name="EDASearchUtility getElasticsearchPagesQuery should return an ES query based on the Issue Office DoDAAC and Obligated Amount filters" time="0.001">
    </testcase>
    <testcase classname="EDASearchUtility getElasticsearchPagesQuery should return an ES query based on the contract filter" name="EDASearchUtility getElasticsearchPagesQuery should return an ES query based on the contract filter" time="0">
    </testcase>
    <testcase classname="EDASearchUtility getElasticsearchPagesQuery should return an ES query based on the issue org and majcom filter" name="EDASearchUtility getElasticsearchPagesQuery should return an ES query based on the issue org and majcom filter" time="0">
    </testcase>
    <testcase classname="EDASearchUtility getElasticsearchPagesQuery should return an ES query based on the issue office dodaac and issue office name" name="EDASearchUtility getElasticsearchPagesQuery should return an ES query based on the issue office dodaac and issue office name" time="0.001">
    </testcase>
    <testcase classname="EDASearchUtility getElasticsearchPagesQuery should return an ES query with just majcoms and not their org included" name="EDASearchUtility getElasticsearchPagesQuery should return an ES query with just majcoms and not their org included" time="0">
    </testcase>
    <testcase classname="EDASearchUtility getElasticsearchPagesQuery should return an ES query with exclude terms included" name="EDASearchUtility getElasticsearchPagesQuery should return an ES query with exclude terms included" time="0.001">
    </testcase>
    <testcase classname="EDASearchUtility getElasticsearchPagesQuery should return an ES query with vendor name, funding office code, idv piid, mod num, psc description, piid, desc of req, psc, funding agency name, naics, and duns" name="EDASearchUtility getElasticsearchPagesQuery should return an ES query with vendor name, funding office code, idv piid, mod num, psc description, piid, desc of req, psc, funding agency name, naics, and duns" time="0">
    </testcase>
    <testcase classname="EDASearchUtility getElasticsearchStatsQuery should return an ES query for a search with filters included" name="EDASearchUtility getElasticsearchStatsQuery should return an ES query for a search with filters included" time="0.001">
    </testcase>
    <testcase classname="EDASearchUtility cleanUpEsResults should return cleaned up ES results to frontend" name="EDASearchUtility cleanUpEsResults should return cleaned up ES results to frontend" time="0.001">
    </testcase>
    <testcase classname="EDASearchUtility getEDAContractQuery should return a query just to retrieve related contract mods" name="EDASearchUtility getEDAContractQuery should return a query just to retrieve related contract mods" time="0.001">
    </testcase>
    <testcase classname="EDASearchUtility getEDAContractQuery should return a query just to retrieve a base award and its data" name="EDASearchUtility getEDAContractQuery should return a query just to retrieve a base award and its data" time="0">
    </testcase>
    <testcase classname="EDASearchUtility splitAwardID should return an id and idv" name="EDASearchUtility splitAwardID should return an id and idv" time="0">
    </testcase>
  </testsuite>
  <testsuite name="EDASearchHandler" errors="0" failures="0" skipped="0" timestamp="2022-08-04T00:18:05" time="2.491" tests="9">
    <testcase classname="EDASearchHandler #searchHelper should return data for a search" name="EDASearchHandler #searchHelper should return data for a search" time="0.003">
    </testcase>
    <testcase classname="EDASearchHandler #searchHelper should not store history when requested" name="EDASearchHandler #searchHelper should not store history when requested" time="0.001">
    </testcase>
    <testcase classname="EDASearchHandler queryContractMods should return contract mod (number, sig date, effective date) from a contract award ID (isSearch is false)" name="EDASearchHandler queryContractMods should return contract mod (number, sig date, effective date) from a contract award ID (isSearch is false)" time="0">
    </testcase>
    <testcase classname="EDASearchHandler queryContractMods should return contract mod data from a contract award ID (isSearch is true)" name="EDASearchHandler queryContractMods should return contract mod data from a contract award ID (isSearch is true)" time="0.001">
    </testcase>
    <testcase classname="EDASearchHandler queryContractMods should return ES error" name="EDASearchHandler queryContractMods should return ES error" time="0">
    </testcase>
    <testcase classname="EDASearchHandler queryBaseAwardContract should return data for a base award contract using awardID" name="EDASearchHandler queryBaseAwardContract should return data for a base award contract using awardID" time="0.001">
    </testcase>
    <testcase classname="EDASearchHandler callFunctionHelper should call the correct function (queryBaseAwardContract)" name="EDASearchHandler callFunctionHelper should call the correct function (queryBaseAwardContract)" time="0">
    </testcase>
    <testcase classname="EDASearchHandler callFunctionHelper should not find the function" name="EDASearchHandler callFunctionHelper should not find the function" time="0.001">
    </testcase>
    <testcase classname="EDASearchHandler querySimilarDocs should return search results that are &quot;similar&quot; to contract award data provided" name="EDASearchHandler querySimilarDocs should return search results that are &quot;similar&quot; to contract award data provided" time="0.013">
    </testcase>
  </testsuite>
</testsuites>