<?xml version="1.0" encoding="UTF-8"?>
<testsuites name="jest tests" tests="9" failures="0" errors="0" time="2.315">
  <testsuite name="JBookDataHandler" errors="0" failures="0" skipped="0" timestamp="2022-07-15T23:48:50" time="2.27" tests="9">
    <testcase classname="JBookDataHandler #getProjectData should get the pdoc project data for ES" name="JBookDataHandler #getProjectData should get the pdoc project data for ES" time="0.005">
    </testcase>
    <testcase classname="JBookDataHandler #getProjectData should get the rdoc project data for ES" name="JBookDataHandler #getProjectData should get the rdoc project data for ES" time="0.003">
    </testcase>
    <testcase classname="JBookDataHandler #getProjectData should get the odoc project data for ES" name="JBookDataHandler #getProjectData should get the odoc project data for ES" time="0.007">
    </testcase>
    <testcase classname="JBookDataHandler #getProjectData should utilize the portfolio APIs (create, delete, get all, get one, restore" name="JBookDataHandler #getProjectData should utilize the portfolio APIs (create, delete, get all, get one, restore" time="0.001">
    </testcase>
    <testcase classname="JBookDataHandler #portfolios should get all portfolios" name="JBookDataHandler #portfolios should get all portfolios" time="0">
    </testcase>
    <testcase classname="JBookDataHandler #comments should get all comments of a specific thread" name="JBookDataHandler #comments should get all comments of a specific thread" time="0.063">
    </testcase>
    <testcase classname="JBookDataHandler #comments should get create a comment with docID, portfolioName, and message" name="JBookDataHandler #comments should get create a comment with docID, portfolioName, and message" time="0.001">
    </testcase>
    <testcase classname="JBookDataHandler #comments should get delete a comment (set deleted to true) using comment ID" name="JBookDataHandler #comments should get delete a comment (set deleted to true) using comment ID" time="0">
    </testcase>
    <testcase classname="JBookDataHandler #comments should vote on a comment depending on comment ID and field (upvotes or downvotes)" name="JBookDataHandler #comments should vote on a comment depending on comment ID and field (upvotes or downvotes)" time="0.001">
    </testcase>
  </testsuite>
</testsuites>